This is pdfTeX, Version 3.14159265-2.6-1.40.19 (TeX Live 2018/Arch Linux) (preloaded format=pdflatex 2019.1.23)  24 JAN 2019 07:26
entering extended mode
 restricted \write18 enabled.
 %&-line parsing enabled.
**hw2.tex
(./hw2.tex
LaTeX2e <2018-04-01> patch level 5
(/usr/share/texmf-dist/tex/latex/base/article.cls
Document Class: article 2014/09/29 v1.4h Standard LaTeX document class
(/usr/share/texmf-dist/tex/latex/base/size10.clo
File: size10.clo 2014/09/29 v1.4h Standard LaTeX file (size option)
)
\c@part=\count80
\c@section=\count81
\c@subsection=\count82
\c@subsubsection=\count83
\c@paragraph=\count84
\c@subparagraph=\count85
\c@figure=\count86
\c@table=\count87
\abovecaptionskip=\skip41
\belowcaptionskip=\skip42
\bibindent=\dimen102
)
(/usr/share/texmf-dist/tex/latex/geometry/geometry.sty
Package: geometry 2018/04/16 v5.8 Page Geometry

(/usr/share/texmf-dist/tex/latex/graphics/keyval.sty
Package: keyval 2014/10/28 v1.15 key=value parser (DPC)
\KV@toks@=\toks14
)
(/usr/share/texmf-dist/tex/generic/oberdiek/ifpdf.sty
Package: ifpdf 2018/09/07 v3.3 Provides the ifpdf switch
)
(/usr/share/texmf-dist/tex/generic/oberdiek/ifvtex.sty
Package: ifvtex 2016/05/16 v1.6 Detect VTeX and its facilities (HO)
Package ifvtex Info: VTeX not detected.
)
(/usr/share/texmf-dist/tex/generic/ifxetex/ifxetex.sty
Package: ifxetex 2010/09/12 v0.6 Provides ifxetex conditional
)
\Gm@cnth=\count88
\Gm@cntv=\count89
\c@Gm@tempcnt=\count90
\Gm@bindingoffset=\dimen103
\Gm@wd@mp=\dimen104
\Gm@odd@mp=\dimen105
\Gm@even@mp=\dimen106
\Gm@layoutwidth=\dimen107
\Gm@layoutheight=\dimen108
\Gm@layouthoffset=\dimen109
\Gm@layoutvoffset=\dimen110
\Gm@dimlist=\toks15
)
(/usr/share/texmf-dist/tex/latex/graphics/graphicx.sty
Package: graphicx 2017/06/01 v1.1a Enhanced LaTeX Graphics (DPC,SPQR)

(/usr/share/texmf-dist/tex/latex/graphics/graphics.sty
Package: graphics 2017/06/25 v1.2c Standard LaTeX Graphics (DPC,SPQR)

(/usr/share/texmf-dist/tex/latex/graphics/trig.sty
Package: trig 2016/01/03 v1.10 sin cos tan (DPC)
)
(/usr/share/texmf-dist/tex/latex/graphics-cfg/graphics.cfg
File: graphics.cfg 2016/06/04 v1.11 sample graphics configuration
)
Package graphics Info: Driver file: pdftex.def on input line 99.

(/usr/share/texmf-dist/tex/latex/graphics-def/pdftex.def
File: pdftex.def 2018/01/08 v1.0l Graphics/color driver for pdftex
))
\Gin@req@height=\dimen111
\Gin@req@width=\dimen112
)
(/usr/share/texmf-dist/tex/latex/amsmath/amsmath.sty
Package: amsmath 2017/09/02 v2.17a AMS math features
\@mathmargin=\skip43

For additional information on amsmath, use the `?' option.
(/usr/share/texmf-dist/tex/latex/amsmath/amstext.sty
Package: amstext 2000/06/29 v2.01 AMS text

(/usr/share/texmf-dist/tex/latex/amsmath/amsgen.sty
File: amsgen.sty 1999/11/30 v2.0 generic functions
\@emptytoks=\toks16
\ex@=\dimen113
))
(/usr/share/texmf-dist/tex/latex/amsmath/amsbsy.sty
Package: amsbsy 1999/11/29 v1.2d Bold Symbols
\pmbraise@=\dimen114
)
(/usr/share/texmf-dist/tex/latex/amsmath/amsopn.sty
Package: amsopn 2016/03/08 v2.02 operator names
)
\inf@bad=\count91
LaTeX Info: Redefining \frac on input line 213.
\uproot@=\count92
\leftroot@=\count93
LaTeX Info: Redefining \overline on input line 375.
\classnum@=\count94
\DOTSCASE@=\count95
LaTeX Info: Redefining \ldots on input line 472.
LaTeX Info: Redefining \dots on input line 475.
LaTeX Info: Redefining \cdots on input line 596.
\Mathstrutbox@=\box26
\strutbox@=\box27
\big@size=\dimen115
LaTeX Font Info:    Redeclaring font encoding OML on input line 712.
LaTeX Font Info:    Redeclaring font encoding OMS on input line 713.
\macc@depth=\count96
\c@MaxMatrixCols=\count97
\dotsspace@=\muskip10
\c@parentequation=\count98
\dspbrk@lvl=\count99
\tag@help=\toks17
\row@=\count100
\column@=\count101
\maxfields@=\count102
\andhelp@=\toks18
\eqnshift@=\dimen116
\alignsep@=\dimen117
\tagshift@=\dimen118
\tagwidth@=\dimen119
\totwidth@=\dimen120
\lineht@=\dimen121
\@envbody=\toks19
\multlinegap=\skip44
\multlinetaggap=\skip45
\mathdisplay@stack=\toks20
LaTeX Info: Redefining \[ on input line 2817.
LaTeX Info: Redefining \] on input line 2818.
)
(/usr/share/texmf-dist/tex/latex/float/float.sty
Package: float 2001/11/08 v1.3d Float enhancements (AL)
\c@float@type=\count103
\float@exts=\toks21
\float@box=\box28
\@float@everytoks=\toks22
\@floatcapt=\box29
)
(/usr/share/texmf-dist/tex/latex/enumitem/enumitem.sty
Package: enumitem 2018/11/30 v3.6 Customized lists
\labelindent=\skip46
\enit@outerparindent=\dimen122
\enit@toks=\toks23
\enit@inbox=\box30
\enitdp@description=\count104
)
(/usr/share/texmf-dist/tex/latex/was/gensymb.sty
Package: gensymb 2003/07/02 v1.0 (WaS)
) (./hw2.aux)
\openout1 = `hw2.aux'.

LaTeX Font Info:    Checking defaults for OML/cmm/m/it on input line 14.
LaTeX Font Info:    ... okay on input line 14.
LaTeX Font Info:    Checking defaults for T1/cmr/m/n on input line 14.
LaTeX Font Info:    ... okay on input line 14.
LaTeX Font Info:    Checking defaults for OT1/cmr/m/n on input line 14.
LaTeX Font Info:    ... okay on input line 14.
LaTeX Font Info:    Checking defaults for OMS/cmsy/m/n on input line 14.
LaTeX Font Info:    ... okay on input line 14.
LaTeX Font Info:    Checking defaults for OMX/cmex/m/n on input line 14.
LaTeX Font Info:    ... okay on input line 14.
LaTeX Font Info:    Checking defaults for U/cmr/m/n on input line 14.
LaTeX Font Info:    ... okay on input line 14.

*geometry* driver: auto-detecting
*geometry* detected driver: pdftex
*geometry* verbose mode - [ preamble ] result:
* driver: pdftex
* paper: <default>
* layout: <same size as paper>
* layoutoffset:(h,v)=(0.0pt,0.0pt)
* modes: 
* h-part:(L,W,R)=(72.26999pt, 469.75502pt, 72.26999pt)
* v-part:(T,H,B)=(72.26999pt, 650.43001pt, 72.26999pt)
* \paperwidth=614.295pt
* \paperheight=794.96999pt
* \textwidth=469.75502pt
* \textheight=650.43001pt
* \oddsidemargin=0.0pt
* \evensidemargin=0.0pt
* \topmargin=-37.0pt
* \headheight=12.0pt
* \headsep=25.0pt
* \topskip=10.0pt
* \footskip=30.0pt
* \marginparwidth=65.0pt
* \marginparsep=11.0pt
* \columnsep=10.0pt
* \skip\footins=9.0pt plus 4.0pt minus 2.0pt
* \hoffset=0.0pt
* \voffset=0.0pt
* \mag=1000
* \@twocolumnfalse
* \@twosidefalse
* \@mparswitchfalse
* \@reversemarginfalse
* (1in=72.27pt=25.4mm, 1cm=28.453pt)

(/usr/share/texmf-dist/tex/context/base/mkii/supp-pdf.mkii
[Loading MPS to PDF converter (version 2006.09.02).]
\scratchcounter=\count105
\scratchdimen=\dimen123
\scratchbox=\box31
\nofMPsegments=\count106
\nofMParguments=\count107
\everyMPshowfont=\toks24
\MPscratchCnt=\count108
\MPscratchDim=\dimen124
\MPnumerator=\count109
\makeMPintoPDFobject=\count110
\everyMPtoPDFconversion=\toks25
) (/usr/share/texmf-dist/tex/latex/oberdiek/epstopdf-base.sty
Package: epstopdf-base 2016/05/15 v2.6 Base part for package epstopdf

(/usr/share/texmf-dist/tex/generic/oberdiek/infwarerr.sty
Package: infwarerr 2016/05/16 v1.4 Providing info/warning/error messages (HO)
)
(/usr/share/texmf-dist/tex/latex/oberdiek/grfext.sty
Package: grfext 2016/05/16 v1.2 Manage graphics extensions (HO)

(/usr/share/texmf-dist/tex/generic/oberdiek/kvdefinekeys.sty
Package: kvdefinekeys 2016/05/16 v1.4 Define keys (HO)

(/usr/share/texmf-dist/tex/generic/oberdiek/ltxcmds.sty
Package: ltxcmds 2016/05/16 v1.23 LaTeX kernel commands for general use (HO)
)))
(/usr/share/texmf-dist/tex/latex/oberdiek/kvoptions.sty
Package: kvoptions 2016/05/16 v3.12 Key value format for package options (HO)

(/usr/share/texmf-dist/tex/generic/oberdiek/kvsetkeys.sty
Package: kvsetkeys 2016/05/16 v1.17 Key value parser (HO)

(/usr/share/texmf-dist/tex/generic/oberdiek/etexcmds.sty
Package: etexcmds 2016/05/16 v1.6 Avoid name clashes with e-TeX commands (HO)

(/usr/share/texmf-dist/tex/generic/oberdiek/ifluatex.sty
Package: ifluatex 2016/05/16 v1.4 Provides the ifluatex switch (HO)
Package ifluatex Info: LuaTeX not detected.
)
Package etexcmds Info: Could not find \expanded.
(etexcmds)             That can mean that you are not using pdfTeX 1.50 or
(etexcmds)             that some package has redefined \expanded.
(etexcmds)             In the latter case, load this package earlier.
)))
(/usr/share/texmf-dist/tex/generic/oberdiek/pdftexcmds.sty
Package: pdftexcmds 2018/09/10 v0.29 Utility functions of pdfTeX for LuaTeX (HO
)
Package pdftexcmds Info: LuaTeX not detected.
Package pdftexcmds Info: \pdf@primitive is available.
Package pdftexcmds Info: \pdf@ifprimitive is available.
Package pdftexcmds Info: \pdfdraftmode found.
)
Package epstopdf-base Info: Redefining graphics rule for `.eps' on input line 4
38.
Package grfext Info: Graphics extension search list:
(grfext)             [.pdf,.png,.jpg,.mps,.jpeg,.jbig2,.jb2,.PDF,.PNG,.JPG,.JPE
G,.JBIG2,.JB2,.eps]
(grfext)             \AppendGraphicsExtensions on input line 456.

(/usr/share/texmf-dist/tex/latex/latexconfig/epstopdf-sys.cfg
File: epstopdf-sys.cfg 2010/07/13 v1.3 Configuration of (r)epstopdf for TeX Liv
e
))
LaTeX Info: Redefining \celsius on input line 14.
Package gensymb Info: Faking symbols for \degree and \celsius on input line 14.



Package gensymb Warning: Not defining \perthousand.

LaTeX Info: Redefining \ohm on input line 14.
Package gensymb Info: Using \Omega for \ohm on input line 14.

Package gensymb Warning: Not defining \micro.

<figs/image.png, id=1, 441.14813pt x 368.1253pt>
File: figs/image.png Graphic file (type png)
<use figs/image.png>
Package pdftex.def Info: figs/image.png  used on input line 34.
(pdftex.def)             Requested size: 341.43306pt x 284.92905pt.
[1

{/var/lib/texmf/fonts/map/pdftex/updmap/pdftex.map} <./figs/image.png (PNG copy
)>]
<figs/sensors_perfect_chanall.png, id=12, 1686.3pt x 421.575pt>
File: figs/sensors_perfect_chanall.png Graphic file (type png)
<use figs/sensors_perfect_chanall.png>
Package pdftex.def Info: figs/sensors_perfect_chanall.png  used on input line 7
1.
(pdftex.def)             Requested size: 455.24408pt x 113.80746pt.
<figs/sensors_introunded_chanall.png, id=14, 1686.3pt x 421.575pt>
File: figs/sensors_introunded_chanall.png Graphic file (type png)
<use figs/sensors_introunded_chanall.png>
Package pdftex.def Info: figs/sensors_introunded_chanall.png  used on input lin
e 82.
(pdftex.def)             Requested size: 455.24408pt x 113.80746pt.
 [2 <./figs/sensors_perfect_chanall.png> <./figs/sensors_introunded_chanall.png
>]
<figs/sensors_noise_stddev10_unclipped_chanall.png, id=20, 1686.3pt x 421.575pt
>
File: figs/sensors_noise_stddev10_unclipped_chanall.png Graphic file (type png)

<use figs/sensors_noise_stddev10_unclipped_chanall.png>
Package pdftex.def Info: figs/sensors_noise_stddev10_unclipped_chanall.png  use
d on input line 108.
(pdftex.def)             Requested size: 455.24408pt x 113.80746pt.
<figs/sensors_noise_stddev10_clipped_chanall.png, id=21, 1686.3pt x 421.575pt>
File: figs/sensors_noise_stddev10_clipped_chanall.png Graphic file (type png)
<use figs/sensors_noise_stddev10_clipped_chanall.png>
Package pdftex.def Info: figs/sensors_noise_stddev10_clipped_chanall.png  used 
on input line 132.
(pdftex.def)             Requested size: 455.24408pt x 113.80746pt.
 [3 <./figs/sensors_noise_stddev10_unclipped_chanall.png> <./figs/sensors_noise
_stddev10_clipped_chanall.png>]
<figs/sensors_noise_stddev50_unclipped_chanall.png, id=27, 1686.3pt x 421.575pt
>
File: figs/sensors_noise_stddev50_unclipped_chanall.png Graphic file (type png)

<use figs/sensors_noise_stddev50_unclipped_chanall.png>
Package pdftex.def Info: figs/sensors_noise_stddev50_unclipped_chanall.png  use
d on input line 165.
(pdftex.def)             Requested size: 455.24408pt x 113.80746pt.
<figs/sensors_noise_stddev50_clipped_chanall.png, id=28, 1686.3pt x 421.575pt>
File: figs/sensors_noise_stddev50_clipped_chanall.png Graphic file (type png)
<use figs/sensors_noise_stddev50_clipped_chanall.png>
Package pdftex.def Info: figs/sensors_noise_stddev50_clipped_chanall.png  used 
on input line 171.
(pdftex.def)             Requested size: 455.24408pt x 113.80746pt.
<figs/sensors_noise_stddev100_unclipped_chanall.png, id=29, 1686.3pt x 421.575p
t>
File: figs/sensors_noise_stddev100_unclipped_chanall.png Graphic file (type png
)
<use figs/sensors_noise_stddev100_unclipped_chanall.png>
Package pdftex.def Info: figs/sensors_noise_stddev100_unclipped_chanall.png  us
ed on input line 177.
(pdftex.def)             Requested size: 455.24408pt x 113.80746pt.
<figs/sensors_noise_stddev100_clipped_chanall.png, id=30, 1686.3pt x 421.575pt>

File: figs/sensors_noise_stddev100_clipped_chanall.png Graphic file (type png)
<use figs/sensors_noise_stddev100_clipped_chanall.png>
Package pdftex.def Info: figs/sensors_noise_stddev100_clipped_chanall.png  used
 on input line 183.
(pdftex.def)             Requested size: 455.24408pt x 113.80746pt.

Overfull \hbox (17.15195pt too wide) in paragraph at lines 189--203
[][] 
 []

[4 <./figs/sensors_noise_stddev50_unclipped_chanall.png> <./figs/sensors_noise_
stddev50_clipped_chanall.png> <./figs/sensors_noise_stddev100_unclipped_chanall
.png>] [5 <./figs/sensors_noise_stddev100_clipped_chanall.png>]
<figs/real_data.png, id=44, 173.64874pt x 196.735pt>
File: figs/real_data.png Graphic file (type png)
<use figs/real_data.png>
Package pdftex.def Info: figs/real_data.png  used on input line 248.
(pdftex.def)             Requested size: 227.62204pt x 257.8928pt.
<figs/sensors_unconstrained_chanall.png, id=45, 1686.3pt x 421.575pt>
File: figs/sensors_unconstrained_chanall.png Graphic file (type png)
<use figs/sensors_unconstrained_chanall.png>
Package pdftex.def Info: figs/sensors_unconstrained_chanall.png  used on input 
line 258.
(pdftex.def)             Requested size: 455.24408pt x 113.80746pt.
 [6 <./figs/real_data.png> <./figs/sensors_unconstrained_chanall.png>]
<figs/sensors_nonzero_chanall.png, id=52, 1686.3pt x 421.575pt>
File: figs/sensors_nonzero_chanall.png Graphic file (type png)
<use figs/sensors_nonzero_chanall.png>
Package pdftex.def Info: figs/sensors_nonzero_chanall.png  used on input line 2
91.
(pdftex.def)             Requested size: 455.24408pt x 113.80746pt.
<figs/sensors_smooth_lam0_0001_chanall.png, id=53, 1686.3pt x 421.575pt>
File: figs/sensors_smooth_lam0_0001_chanall.png Graphic file (type png)
<use figs/sensors_smooth_lam0_0001_chanall.png>
Package pdftex.def Info: figs/sensors_smooth_lam0_0001_chanall.png  used on inp
ut line 322.
(pdftex.def)             Requested size: 455.24408pt x 113.80746pt.
<figs/sensors_smooth_lam0_0010_chanall.png, id=54, 1686.3pt x 421.575pt>
File: figs/sensors_smooth_lam0_0010_chanall.png Graphic file (type png)
<use figs/sensors_smooth_lam0_0010_chanall.png>
Package pdftex.def Info: figs/sensors_smooth_lam0_0010_chanall.png  used on inp
ut line 328.
(pdftex.def)             Requested size: 455.24408pt x 113.80746pt.
<figs/sensors_smooth_lam0_0100_chanall.png, id=55, 1686.3pt x 421.575pt>
File: figs/sensors_smooth_lam0_0100_chanall.png Graphic file (type png)
<use figs/sensors_smooth_lam0_0100_chanall.png>
Package pdftex.def Info: figs/sensors_smooth_lam0_0100_chanall.png  used on inp
ut line 334.
(pdftex.def)             Requested size: 455.24408pt x 113.80746pt.
<figs/sensors_smooth_lam0_1000_chanall.png, id=56, 1686.3pt x 421.575pt>
File: figs/sensors_smooth_lam0_1000_chanall.png Graphic file (type png)
<use figs/sensors_smooth_lam0_1000_chanall.png>
Package pdftex.def Info: figs/sensors_smooth_lam0_1000_chanall.png  used on inp
ut line 340.
(pdftex.def)             Requested size: 455.24408pt x 113.80746pt.
<figs/sensors_smooth_lam1_0000_chanall.png, id=57, 1686.3pt x 421.575pt>
File: figs/sensors_smooth_lam1_0000_chanall.png Graphic file (type png)
<use figs/sensors_smooth_lam1_0000_chanall.png>
Package pdftex.def Info: figs/sensors_smooth_lam1_0000_chanall.png  used on inp
ut line 346.
(pdftex.def)             Requested size: 455.24408pt x 113.80746pt.
 [7 <./figs/sensors_nonzero_chanall.png> <./figs/sensors_smooth_lam0_0001_chana
ll.png>] [8 <./figs/sensors_smooth_lam0_0010_chanall.png> <./figs/sensors_smoot
h_lam0_0100_chanall.png> <./figs/sensors_smooth_lam0_1000_chanall.png> <./figs/
sensors_smooth_lam1_0000_chanall.png>] [9] (./hw2.aux) ) 
Here is how much of TeX's memory you used:
 3043 strings out of 492639
 44237 string characters out of 6135497
 121956 words of memory out of 5000000
 6882 multiletter control sequences out of 15000+600000
 9061 words of font info for 33 fonts, out of 8000000 for 9000
 1141 hyphenation exceptions out of 8191
 41i,9n,32p,494b,225s stack positions out of 5000i,500n,10000p,200000b,80000s
</usr/share/texmf-dist/
fonts/type1/public/amsfonts/cm/cmbx12.pfb></usr/share/texmf-dist/fonts/type1/pu
blic/amsfonts/cm/cmex10.pfb></usr/share/texmf-dist/fonts/type1/public/amsfonts/
cm/cmmi10.pfb></usr/share/texmf-dist/fonts/type1/public/amsfonts/cm/cmmi5.pfb><
/usr/share/texmf-dist/fonts/type1/public/amsfonts/cm/cmr10.pfb></usr/share/texm
f-dist/fonts/type1/public/amsfonts/cm/cmr12.pfb></usr/share/texmf-dist/fonts/ty
pe1/public/amsfonts/cm/cmr17.pfb></usr/share/texmf-dist/fonts/type1/public/amsf
onts/cm/cmr5.pfb></usr/share/texmf-dist/fonts/type1/public/amsfonts/cm/cmr7.pfb
></usr/share/texmf-dist/fonts/type1/public/amsfonts/cm/cmsy10.pfb></usr/share/t
exmf-dist/fonts/type1/public/amsfonts/cm/cmti10.pfb>
Output written on hw2.pdf (9 pages, 649340 bytes).
PDF statistics:
 112 PDF objects out of 1000 (max. 8388607)
 56 compressed objects within 1 object stream
 0 named destinations out of 1000 (max. 500000)
 86 words of extra memory for PDF output out of 10000 (max. 10000000)

